2025-01-16 21:44:39 [main] INFO  o.mariqzw.gateway.GatewayApplication - Starting GatewayApplication v0.0.1-SNAPSHOT using Java 17-ea with PID 1 (/app/gateway.jar started by root in /app)
2025-01-16 21:44:39 [main] INFO  o.mariqzw.gateway.GatewayApplication - No active profile set, falling back to 1 default profile: "default"
2025-01-16 21:44:41 [main] INFO  o.s.d.r.c.RepositoryConfigurationDelegate - Multiple Spring Data modules found, entering strict repository configuration mode
2025-01-16 21:44:41 [main] INFO  o.s.d.r.c.RepositoryConfigurationDelegate - Bootstrapping Spring Data Redis repositories in DEFAULT mode.
2025-01-16 21:44:41 [main] INFO  o.s.d.r.c.RepositoryConfigurationDelegate - Finished Spring Data repository scanning in 16 ms. Found 0 Redis repository interfaces.
2025-01-16 21:44:42 [main] INFO  o.s.b.w.e.tomcat.TomcatWebServer - Tomcat initialized with port 8081 (http)
2025-01-16 21:44:42 [main] INFO  o.a.coyote.http11.Http11NioProtocol - Initializing ProtocolHandler ["http-nio-8081"]
2025-01-16 21:44:42 [main] INFO  o.a.catalina.core.StandardService - Starting service [Tomcat]
2025-01-16 21:44:42 [main] INFO  o.a.catalina.core.StandardEngine - Starting Servlet engine: [Apache Tomcat/10.1.34]
2025-01-16 21:44:42 [main] INFO  o.a.c.c.C.[Tomcat].[localhost].[/] - Initializing Spring embedded WebApplicationContext
2025-01-16 21:44:42 [main] INFO  o.s.b.w.s.c.ServletWebServerApplicationContext - Root WebApplicationContext: initialization completed in 2144 ms
2025-01-16 21:44:44 [main] INFO  o.s.b.a.e.web.EndpointLinksResolver - Exposing 1 endpoint beneath base path '/actuator'
2025-01-16 21:44:44 [main] INFO  o.a.coyote.http11.Http11NioProtocol - Starting ProtocolHandler ["http-nio-8081"]
2025-01-16 21:44:44 [main] INFO  o.s.b.w.e.tomcat.TomcatWebServer - Tomcat started on port 8081 (http) with context path '/'
2025-01-16 21:44:44 [main] INFO  o.mariqzw.gateway.GatewayApplication - Started GatewayApplication in 5.219 seconds (process running for 5.895)
2025-01-16 21:47:12 [http-nio-8081-exec-1] INFO  o.a.c.c.C.[Tomcat].[localhost].[/] - Initializing Spring DispatcherServlet 'dispatcherServlet'
2025-01-16 21:47:12 [http-nio-8081-exec-1] INFO  o.s.web.servlet.DispatcherServlet - Initializing Servlet 'dispatcherServlet'
2025-01-16 21:47:12 [http-nio-8081-exec-1] INFO  o.s.web.servlet.DispatcherServlet - Completed initialization in 2 ms
2025-01-16 21:47:12 [http-nio-8081-exec-1] INFO  o.m.g.c.RequestResponseLoggingFilter - Incoming Request: method=GET, URI=/api/messages
2025-01-16 21:47:13 [http-nio-8081-exec-1] INFO  o.m.g.c.RequestResponseLoggingFilter - Outgoing Response: status=200
2025-01-16 21:47:48 [http-nio-8081-exec-3] INFO  o.m.g.c.RequestResponseLoggingFilter - Incoming Request: method=POST, URI=/api/messages
2025-01-16 21:47:48 [http-nio-8081-exec-3] INFO  o.m.g.c.RequestResponseLoggingFilter - Outgoing Response: status=200
2025-01-16 21:47:54 [http-nio-8081-exec-4] INFO  o.m.g.c.RequestResponseLoggingFilter - Incoming Request: method=GET, URI=/api/messages
2025-01-16 21:47:54 [http-nio-8081-exec-4] INFO  o.m.g.c.RequestResponseLoggingFilter - Outgoing Response: status=200
2025-01-16 21:48:17 [http-nio-8081-exec-5] INFO  o.m.g.c.RequestResponseLoggingFilter - Incoming Request: method=POST, URI=/api/messages
2025-01-16 21:48:18 [http-nio-8081-exec-5] INFO  o.m.g.c.RequestResponseLoggingFilter - Outgoing Response: status=200
2025-01-16 21:48:21 [http-nio-8081-exec-6] INFO  o.m.g.c.RequestResponseLoggingFilter - Incoming Request: method=GET, URI=/api/messages
2025-01-16 21:48:21 [http-nio-8081-exec-6] INFO  o.m.g.c.RequestResponseLoggingFilter - Outgoing Response: status=200
2025-01-16 21:49:34 [http-nio-8081-exec-8] INFO  o.m.g.c.RequestResponseLoggingFilter - Incoming Request: method=PUT, URI=/api/transactions/2
2025-01-16 21:49:34 [http-nio-8081-exec-8] INFO  o.m.g.c.RequestResponseLoggingFilter - Outgoing Response: status=404
2025-01-16 21:49:49 [http-nio-8081-exec-10] INFO  o.m.g.c.RequestResponseLoggingFilter - Incoming Request: method=PUT, URI=/api/messages/2
2025-01-16 21:49:49 [http-nio-8081-exec-10] INFO  o.m.g.c.RequestResponseLoggingFilter - Outgoing Response: status=200
2025-01-16 21:49:52 [http-nio-8081-exec-2] INFO  o.m.g.c.RequestResponseLoggingFilter - Incoming Request: method=GET, URI=/api/messages
2025-01-16 21:49:52 [http-nio-8081-exec-2] INFO  o.m.g.c.RequestResponseLoggingFilter - Outgoing Response: status=200
2025-01-16 21:49:54 [http-nio-8081-exec-1] INFO  o.m.g.c.RequestResponseLoggingFilter - Incoming Request: method=GET, URI=/api/messages
2025-01-16 21:49:54 [http-nio-8081-exec-1] INFO  o.m.g.c.RequestResponseLoggingFilter - Outgoing Response: status=200
2025-01-16 21:49:56 [http-nio-8081-exec-3] INFO  o.m.g.c.RequestResponseLoggingFilter - Incoming Request: method=GET, URI=/api/messages
2025-01-16 21:49:56 [http-nio-8081-exec-3] INFO  o.m.g.c.RequestResponseLoggingFilter - Outgoing Response: status=200
2025-01-16 21:50:06 [http-nio-8081-exec-4] INFO  o.m.g.c.RequestResponseLoggingFilter - Incoming Request: method=PUT, URI=/api/messages/2
2025-01-16 21:50:06 [http-nio-8081-exec-4] INFO  o.m.g.c.RequestResponseLoggingFilter - Outgoing Response: status=200
2025-01-16 21:50:13 [http-nio-8081-exec-5] INFO  o.m.g.c.RequestResponseLoggingFilter - Incoming Request: method=GET, URI=/api/messages
2025-01-16 21:50:13 [http-nio-8081-exec-5] INFO  o.m.g.c.RequestResponseLoggingFilter - Outgoing Response: status=200
2025-01-16 21:50:14 [http-nio-8081-exec-6] INFO  o.m.g.c.RequestResponseLoggingFilter - Incoming Request: method=GET, URI=/api/messages
2025-01-16 21:50:14 [http-nio-8081-exec-6] INFO  o.m.g.c.RequestResponseLoggingFilter - Outgoing Response: status=200
2025-01-16 21:50:16 [http-nio-8081-exec-7] INFO  o.m.g.c.RequestResponseLoggingFilter - Incoming Request: method=GET, URI=/api/messages
2025-01-16 21:50:16 [http-nio-8081-exec-7] INFO  o.m.g.c.RequestResponseLoggingFilter - Outgoing Response: status=200
2025-01-16 21:50:41 [http-nio-8081-exec-9] INFO  o.m.g.c.RequestResponseLoggingFilter - Incoming Request: method=DELETE, URI=/api/messages/2
2025-01-16 21:50:41 [http-nio-8081-exec-9] INFO  o.m.g.c.RequestResponseLoggingFilter - Outgoing Response: status=200
2025-01-16 21:50:44 [http-nio-8081-exec-8] INFO  o.m.g.c.RequestResponseLoggingFilter - Incoming Request: method=GET, URI=/api/messages
2025-01-16 21:50:44 [http-nio-8081-exec-8] INFO  o.m.g.c.RequestResponseLoggingFilter - Outgoing Response: status=200
2025-01-16 21:51:36 [http-nio-8081-exec-10] INFO  o.m.g.c.RequestResponseLoggingFilter - Incoming Request: method=POST, URI=/api/messages
2025-01-16 21:51:36 [http-nio-8081-exec-10] INFO  o.m.g.c.RequestResponseLoggingFilter - Outgoing Response: status=200
2025-01-16 21:51:39 [http-nio-8081-exec-2] INFO  o.m.g.c.RequestResponseLoggingFilter - Incoming Request: method=GET, URI=/api/messages
2025-01-16 21:51:39 [http-nio-8081-exec-2] INFO  o.m.g.c.RequestResponseLoggingFilter - Outgoing Response: status=200
2025-01-16 21:51:54 [http-nio-8081-exec-1] INFO  o.m.g.c.RequestResponseLoggingFilter - Incoming Request: method=GET, URI=/api/messages/2
2025-01-16 21:51:54 [http-nio-8081-exec-1] INFO  o.m.g.c.RequestResponseLoggingFilter - Outgoing Response: status=200
2025-01-16 21:52:09 [http-nio-8081-exec-3] INFO  o.m.g.c.RequestResponseLoggingFilter - Incoming Request: method=DELETE, URI=/api/messages/2
2025-01-16 21:52:09 [http-nio-8081-exec-3] INFO  o.m.g.c.RequestResponseLoggingFilter - Outgoing Response: status=200
2025-01-16 21:52:12 [http-nio-8081-exec-4] INFO  o.m.g.c.RequestResponseLoggingFilter - Incoming Request: method=GET, URI=/api/messages
2025-01-16 21:52:12 [http-nio-8081-exec-4] INFO  o.m.g.c.RequestResponseLoggingFilter - Outgoing Response: status=200
2025-01-16 21:52:52 [SpringApplicationShutdownHook] INFO  o.s.b.w.e.tomcat.GracefulShutdown - Commencing graceful shutdown. Waiting for active requests to complete
2025-01-16 21:52:52 [tomcat-shutdown] INFO  o.s.b.w.e.tomcat.GracefulShutdown - Graceful shutdown complete
